is_tracing=1
is_tracing=0
is_tracing=1
is_tracing=0
is_tracing=1
is_tracing=0
is_tracing=1
is_tracing=0
is_tracing=1
is_tracing=0
is_tracing=1
is_tracing=0
is_tracing=1
is_tracing=0
is_tracing=1
is_tracing=0
is_tracing=1
is_tracing=0
is_tracing=1
is_tracing=0
is_tracing=1
is_tracing=0
is_tracing=1
is_tracing=0
is_tracing=1
is_tracing=0
is_tracing=1
is_tracing=0
is_tracing=1
is_tracing=0
is_tracing=1
is_tracing=0
is_tracing=1
is_tracing=0
is_tracing=1
is_tracing=0
is_tracing=1
is_tracing=0
is_tracing=1
is_tracing=0
is_tracing=1
is_tracing=0
is_tracing=1
is_tracing=0
is_tracing=1
is_tracing=0
is_tracing=1
is_tracing=0
is_tracing=1
is_tracing=0
is_tracing=1
is_tracing=0
is_tracing=1
is_tracing=0
is_tracing=1
is_tracing=0
is_tracing=1
is_tracing=0
is_tracing=1
is_tracing=0
is_tracing=1
is_tracing=0
is_tracing=1
is_tracing=0
is_tracing=1
is_tracing=0
is_tracing=1
is_tracing=0
largest addr: 7ffca6bb8538 
smallest addr: 55a070bbc310 
addr space size: 42.360199 TB 
# reads: 37184
# writes: 9765
total mem instrs: 46949
