0 W 4 
1 R 4
2 R 4
3 R 4
4 W 4 
5 R 4
6 W 4 
7 R 4
8 R 4
9 R 4
10 W 4 
11 R 4
12 W 4 
13 R 4
14 R 4
15 R 4
16 W 4 
17 R 4
18 W 4 
19 R 4
20 R 4
21 R 4
22 W 4 
23 R 4
24 W 4 
25 R 4
26 R 4
27 R 4
28 W 4 
29 R 4
30 W 4 
31 R 4
32 R 4
33 R 4
34 W 4 
35 R 4
36 W 4 
37 R 4
38 R 4
39 R 4
40 W 4 
41 R 4
42 W 4 
43 R 4
44 R 4
45 R 4
46 W 4 
47 R 4
48 W 4 
49 R 4
50 R 4
51 R 4
52 W 4 
53 R 4
54 W 4 
55 R 4
56 R 4
57 R 4
58 W 4 
59 R 4
60 W 4 
61 R 4
62 R 4
63 R 4
64 W 4 
65 R 4
66 W 4 
67 R 4
68 R 4
69 R 4
70 W 4 
71 R 4
72 W 4 
73 R 4
74 R 4
75 R 4
76 W 4 
77 R 4
78 W 4 
79 R 4
80 R 4
81 R 4
82 W 4 
83 R 4
84 W 4 
85 R 4
86 R 4
87 R 4
88 W 4 
89 R 4
90 W 4 
91 R 4
92 R 4
93 R 4
94 W 4 
95 R 4
96 W 4 
97 R 4
98 R 4
99 R 4
100 W 4 
101 R 4
102 W 4 
103 R 4
104 R 4
105 R 4
106 W 4 
107 R 4
108 W 4 
109 R 4
110 R 4
111 R 4
112 W 4 
113 R 4
114 W 4 
115 R 4
116 R 4
117 R 4
118 W 4 
119 R 4
120 W 4 
121 R 4
122 R 4
123 R 4
124 W 4 
125 R 4
126 W 4 
127 R 4
128 R 4
129 R 4
130 W 4 
131 R 4
132 W 4 
133 R 4
134 R 4
135 R 4
136 W 4 
137 R 4
138 W 4 
139 R 4
140 R 4
141 R 4
142 W 4 
143 R 4
144 W 4 
145 R 4
146 R 4
147 R 4
148 W 4 
149 R 4
150 W 4 
151 R 4
152 R 4
153 R 4
154 W 4 
155 R 4
156 W 4 
157 R 4
158 R 4
159 R 4
160 W 4 
161 R 4
162 W 4 
163 R 4
164 R 4
165 R 4
166 W 4 
167 R 4
168 W 4 
169 R 4
170 R 4
171 R 4
172 W 4 
173 R 4
174 W 4 
175 R 4
176 R 4
177 R 4
178 W 4 
179 R 4
180 W 4 
181 R 4
182 R 4
183 R 4
184 W 4 
185 R 4
186 W 4 
187 R 4
188 R 4
189 R 4
190 W 4 
191 R 4
192 W 4 
193 R 4
194 R 4
195 R 4
196 W 4 
197 R 4
198 W 4 
199 R 4
200 R 4
201 R 4
202 W 4 
203 R 4
204 W 4 
205 R 4
206 R 4
207 R 4
208 W 4 
209 R 4
210 W 4 
211 R 4
212 R 4
213 R 4
214 W 4 
215 R 4
216 W 4 
217 R 4
218 R 4
219 R 4
220 W 4 
221 R 4
222 W 4 
223 R 4
224 R 4
225 R 4
226 W 4 
227 R 4
228 W 4 
229 R 4
230 R 4
231 R 4
232 W 4 
233 R 4
234 W 4 
235 R 4
236 R 4
237 R 4
238 W 4 
239 R 4
240 W 4 
241 R 4
242 R 4
243 R 4
244 W 4 
245 R 4
246 W 4 
247 R 4
248 R 4
249 R 4
250 W 4 
251 R 4
252 W 4 
253 R 4
254 R 4
255 R 4
256 W 4 
257 R 4
258 W 4 
259 R 4
260 R 4
261 R 4
262 W 4 
263 R 4
264 W 4 
265 R 4
266 R 4
267 R 4
268 W 4 
269 R 4
270 W 4 
271 R 4
272 R 4
273 R 4
274 W 4 
275 R 4
276 W 4 
277 R 4
278 R 4
279 R 4
280 W 4 
281 R 4
282 W 4 
283 R 4
284 R 4
285 R 4
286 W 4 
287 R 4
288 W 4 
289 R 4
290 R 4
291 R 4
292 W 4 
293 R 4
294 W 4 
295 R 4
296 R 4
297 R 4
298 W 4 
299 R 4
300 W 4 
301 R 4
302 R 4
303 R 4
304 W 4 
305 R 4
306 W 4 
307 R 4
308 R 4
309 R 4
310 W 4 
311 R 4
312 W 4 
313 R 4
314 R 4
315 R 4
316 W 4 
317 R 4
318 W 4 
319 R 4
320 R 4
321 R 4
322 W 4 
323 R 4
324 W 4 
325 R 4
326 R 4
327 R 4
328 W 4 
329 R 4
330 W 4 
331 R 4
332 R 4
333 R 4
334 W 4 
335 R 4
336 W 4 
337 R 4
338 R 4
339 R 4
340 W 4 
341 R 4
342 W 4 
343 R 4
344 R 4
345 R 4
346 W 4 
347 R 4
348 W 4 
349 R 4
350 R 4
351 R 4
352 W 4 
353 R 4
354 W 4 
355 R 4
356 R 4
357 R 4
358 W 4 
359 R 4
360 W 4 
361 R 4
362 R 4
363 R 4
364 W 4 
365 R 4
366 W 4 
367 R 4
368 R 4
369 R 4
370 W 4 
371 R 4
372 W 4 
373 R 4
374 R 4
375 R 4
376 W 4 
377 R 4
378 W 4 
379 R 4
380 R 4
381 R 4
382 W 4 
383 R 4
384 W 4 
385 R 4
386 R 4
387 R 4
388 W 4 
389 R 4
390 W 4 
391 R 4
392 R 4
393 R 4
394 W 4 
395 R 4
396 W 4 
397 R 4
398 R 4
399 R 4
400 W 4 
401 R 4
402 W 4 
403 R 4
404 R 4
405 R 4
406 W 4 
407 R 4
408 W 4 
409 R 4
410 R 4
411 R 4
412 W 4 
413 R 4
414 W 4 
415 R 4
416 R 4
417 R 4
418 W 4 
419 R 4
420 W 4 
421 R 4
422 R 4
423 R 4
424 W 4 
425 R 4
426 W 4 
427 R 4
428 R 4
429 R 4
430 W 4 
431 R 4
432 W 4 
433 R 4
434 R 4
435 R 4
436 W 4 
437 R 4
438 W 4 
439 R 4
440 R 4
441 R 4
442 W 4 
443 R 4
444 W 4 
445 R 4
446 R 4
447 R 4
448 W 4 
449 R 4
450 W 4 
451 R 4
452 R 4
453 R 4
454 W 4 
455 R 4
456 W 4 
457 R 4
458 R 4
459 R 4
460 W 4 
461 R 4
462 W 4 
463 R 4
464 R 4
465 R 4
466 W 4 
467 R 4
468 W 4 
469 R 4
470 R 4
471 R 4
472 W 4 
473 R 4
474 W 4 
475 R 4
476 R 4
477 R 4
478 W 4 
479 R 4
480 W 4 
481 R 4
482 R 4
483 R 4
484 W 4 
485 R 4
486 W 4 
487 R 4
488 R 4
489 R 4
490 W 4 
491 R 4
492 W 4 
493 R 4
494 R 4
495 R 4
496 W 4 
497 R 4
498 W 4 
499 R 4
500 R 4
501 R 4
502 W 4 
503 R 4
504 W 4 
505 R 4
506 R 4
507 R 4
508 W 4 
509 R 4
510 W 4 
511 R 4
512 R 4
513 R 4
514 W 4 
515 R 4
516 W 4 
517 R 4
518 R 4
519 R 4
520 W 4 
521 R 4
522 W 4 
523 R 4
524 R 4
525 R 4
526 W 4 
527 R 4
528 W 4 
529 R 4
530 R 4
531 R 4
532 W 4 
533 R 4
534 W 4 
535 R 4
536 R 4
537 R 4
538 W 4 
539 R 4
540 W 4 
541 R 4
542 R 4
543 R 4
544 W 4 
545 R 4
546 W 4 
547 R 4
548 R 4
549 R 4
550 W 4 
551 R 4
552 W 4 
553 R 4
554 R 4
555 R 4
556 W 4 
557 R 4
558 W 4 
559 R 4
560 R 4
561 R 4
562 W 4 
563 R 4
564 W 4 
565 R 4
566 R 4
567 R 4
568 W 4 
569 R 4
570 W 4 
571 R 4
572 W 4 
573 W 4 
574 W 4 
575 R 4
576 R 4
577 R 4
578 R 4
579 W 4 
580 R 4
581 W 4 
582 R 4
583 R 4
584 R 4
585 R 4
586 W 4 
587 R 4
588 W 4 
589 R 4
590 R 4
591 R 4
592 R 4
593 W 4 
594 R 4
595 W 4 
596 R 4
597 R 4
598 R 4
599 R 4
600 W 4 
601 R 4
602 W 4 
603 R 4
604 R 4
605 R 4
606 R 4
607 W 4 
608 R 4
609 W 4 
610 R 4
611 R 4
612 R 4
613 R 4
614 W 4 
615 R 4
616 W 4 
617 R 4
618 R 4
619 R 4
620 R 4
621 W 4 
622 R 4
623 W 4 
624 R 4
625 R 4
626 R 4
627 R 4
628 W 4 
629 R 4
630 W 4 
631 R 4
632 R 4
633 R 4
634 R 4
635 W 4 
636 R 4
637 W 4 
638 R 4
639 R 4
640 R 4
641 R 4
642 W 4 
643 R 4
644 W 4 
645 R 4
646 R 4
647 R 4
648 R 4
649 W 4 
650 R 4
651 W 4 
652 R 4
653 R 4
654 R 4
655 R 4
656 W 4 
657 R 4
658 W 4 
659 R 4
660 R 4
661 R 4
662 R 4
663 W 4 
664 R 4
665 W 4 
666 R 4
667 R 4
668 R 4
669 R 4
670 W 4 
671 R 4
672 W 4 
673 R 4
674 R 4
675 R 4
676 R 4
677 W 4 
678 R 4
679 W 4 
680 R 4
681 R 4
682 R 4
683 R 4
684 W 4 
685 R 4
686 W 4 
687 R 4
688 R 4
689 R 4
690 R 4
691 W 4 
692 R 4
693 W 4 
694 R 4
695 R 4
696 R 4
697 R 4
698 W 4 
699 R 4
700 W 4 
701 R 4
702 R 4
703 R 4
704 R 4
705 W 4 
706 R 4
707 W 4 
708 R 4
709 R 4
710 R 4
711 R 4
712 W 4 
713 R 4
714 W 4 
715 R 4
716 R 4
717 R 4
718 R 4
719 W 4 
720 R 4
721 W 4 
722 R 4
723 R 4
724 R 4
725 R 4
726 W 4 
727 R 4
728 W 4 
729 R 4
730 R 4
731 R 4
732 R 4
733 W 4 
734 R 4
735 W 4 
736 R 4
737 R 4
738 R 4
739 R 4
740 W 4 
741 R 4
742 W 4 
743 R 4
744 R 4
745 R 4
746 R 4
747 W 4 
748 R 4
749 W 4 
750 R 4
751 R 4
752 R 4
753 R 4
754 W 4 
755 R 4
756 W 4 
757 R 4
758 R 4
759 R 4
760 R 4
761 W 4 
762 R 4
763 W 4 
764 R 4
765 R 4
766 R 4
767 R 4
768 W 4 
769 R 4
770 W 4 
771 R 4
772 R 4
773 R 4
774 R 4
775 W 4 
776 R 4
777 W 4 
778 R 4
779 R 4
780 R 4
781 R 4
782 W 4 
783 R 4
784 W 4 
785 R 4
786 R 4
787 R 4
788 R 4
789 W 4 
790 R 4
791 W 4 
792 R 4
793 R 4
794 R 4
795 R 4
796 W 4 
797 R 4
798 W 4 
799 R 4
800 R 4
801 R 4
802 R 4
803 W 4 
804 R 4
805 W 4 
806 R 4
807 R 4
808 R 4
809 R 4
810 W 4 
811 R 4
812 W 4 
813 R 4
814 R 4
815 R 4
816 R 4
817 W 4 
818 R 4
819 W 4 
820 R 4
821 R 4
822 R 4
823 R 4
824 W 4 
825 R 4
826 W 4 
827 R 4
828 R 4
829 R 4
830 R 4
831 W 4 
832 R 4
833 W 4 
834 R 4
835 R 4
836 R 4
837 R 4
838 W 4 
839 R 4
840 W 4 
841 R 4
842 R 4
843 R 4
844 R 4
845 W 4 
846 R 4
847 W 4 
848 R 4
849 R 4
850 R 4
851 R 4
852 W 4 
853 R 4
854 W 4 
855 R 4
856 R 4
857 R 4
858 R 4
859 W 4 
860 R 4
861 W 4 
862 R 4
863 R 4
864 R 4
865 R 4
866 W 4 
867 R 4
868 W 4 
869 R 4
870 R 4
871 R 4
872 R 4
873 W 4 
874 R 4
875 W 4 
876 R 4
877 R 4
878 R 4
879 R 4
880 W 4 
881 R 4
882 W 4 
883 R 4
884 R 4
885 R 4
886 R 4
887 W 4 
888 R 4
889 W 4 
890 R 4
891 R 4
892 R 4
893 R 4
894 W 4 
895 R 4
896 W 4 
897 R 4
898 R 4
899 R 4
900 R 4
901 W 4 
902 R 4
903 W 4 
904 R 4
905 R 4
906 R 4
907 R 4
908 W 4 
909 R 4
910 W 4 
911 R 4
912 R 4
913 R 4
914 R 4
915 W 4 
916 R 4
917 W 4 
918 R 4
919 R 4
920 R 4
921 R 4
922 W 4 
923 R 4
924 W 4 
925 R 4
926 R 4
927 R 4
928 R 4
929 W 4 
930 R 4
931 W 4 
932 R 4
933 R 4
934 R 4
935 R 4
936 W 4 
937 R 4
938 W 4 
939 R 4
940 R 4
941 R 4
942 R 4
943 W 4 
944 R 4
945 W 4 
946 R 4
947 R 4
948 R 4
949 R 4
950 W 4 
951 R 4
952 W 4 
953 R 4
954 R 4
955 R 4
956 R 4
957 W 4 
958 R 4
959 W 4 
960 R 4
961 R 4
962 R 4
963 R 4
964 W 4 
965 R 4
966 W 4 
967 R 4
968 R 4
969 R 4
970 R 4
971 W 4 
972 R 4
973 W 4 
974 R 4
975 R 4
976 R 4
977 R 4
978 W 4 
979 R 4
980 W 4 
981 R 4
982 R 4
983 R 4
984 R 4
985 W 4 
986 R 4
987 W 4 
988 R 4
989 R 4
990 R 4
991 R 4
992 W 4 
993 R 4
994 W 4 
995 R 4
996 R 4
997 R 4
998 R 4
999 W 4 
1000 R 4
1001 W 4 
1002 R 4
1003 R 4
1004 R 4
1005 R 4
1006 W 4 
1007 R 4
1008 W 4 
1009 R 4
1010 R 4
1011 R 4
1012 R 4
1013 W 4 
1014 R 4
1015 W 4 
1016 R 4
1017 R 4
1018 R 4
1019 R 4
1020 W 4 
1021 R 4
1022 W 4 
1023 R 4
1024 R 4
1025 R 4
1026 R 4
1027 W 4 
1028 R 4
1029 W 4 
1030 R 4
1031 R 4
1032 R 4
1033 R 4
1034 W 4 
1035 R 4
1036 W 4 
1037 R 4
1038 R 4
1039 R 4
1040 R 4
1041 W 4 
1042 R 4
1043 W 4 
1044 R 4
1045 R 4
1046 R 4
1047 R 4
1048 W 4 
1049 R 4
1050 W 4 
1051 R 4
1052 R 4
1053 R 4
1054 R 4
1055 W 4 
1056 R 4
1057 W 4 
1058 R 4
1059 R 4
1060 R 4
1061 R 4
1062 W 4 
1063 R 4
1064 W 4 
1065 R 4
1066 R 4
1067 R 4
1068 R 4
1069 W 4 
1070 R 4
1071 W 4 
1072 R 4
1073 R 4
1074 R 4
1075 R 4
1076 W 4 
1077 R 4
1078 W 4 
1079 R 4
1080 R 4
1081 R 4
1082 R 4
1083 W 4 
1084 R 4
1085 W 4 
1086 R 4
1087 R 4
1088 R 4
1089 R 4
1090 W 4 
1091 R 4
1092 W 4 
1093 R 4
1094 R 4
1095 R 4
1096 R 4
1097 W 4 
1098 R 4
1099 W 4 
1100 R 4
1101 R 4
1102 R 4
1103 R 4
1104 W 4 
1105 R 4
1106 W 4 
1107 R 4
1108 R 4
1109 R 4
1110 R 4
1111 W 4 
1112 R 4
1113 W 4 
1114 R 4
1115 R 4
1116 R 4
1117 R 4
1118 W 4 
1119 R 4
1120 W 4 
1121 R 4
1122 R 4
1123 R 4
1124 R 4
1125 W 4 
1126 R 4
1127 W 4 
1128 R 4
1129 R 4
1130 R 4
1131 R 4
1132 W 4 
1133 R 4
1134 W 4 
1135 R 4
1136 R 4
1137 R 4
1138 R 4
1139 W 4 
1140 R 4
1141 W 4 
1142 R 4
1143 R 4
1144 R 4
1145 R 4
1146 W 4 
1147 R 4
1148 W 4 
1149 R 4
1150 R 4
1151 R 4
1152 R 4
1153 W 4 
1154 R 4
1155 W 4 
1156 R 4
1157 R 4
1158 R 4
1159 R 4
1160 W 4 
1161 R 4
1162 W 4 
1163 R 4
1164 R 4
1165 R 4
1166 R 4
1167 W 4 
1168 R 4
1169 W 4 
1170 R 4
1171 R 4
1172 R 4
1173 R 4
1174 W 4 
1175 R 4
1176 W 4 
1177 R 4
1178 R 4
1179 R 4
1180 R 4
1181 W 4 
1182 R 4
1183 W 4 
1184 R 4
1185 R 4
1186 R 4
1187 R 4
1188 W 4 
1189 R 4
1190 W 4 
1191 R 4
1192 R 4
1193 R 4
1194 R 4
1195 W 4 
1196 R 4
1197 W 4 
1198 R 4
1199 R 4
1200 R 4
1201 R 4
1202 W 4 
1203 R 4
1204 W 4 
1205 R 4
1206 R 4
1207 R 4
1208 R 4
1209 W 4 
1210 R 4
1211 W 4 
1212 R 4
1213 R 4
1214 R 4
1215 R 4
1216 W 4 
1217 R 4
1218 W 4 
14940
219 R 4
1220 R 4
1221 R 4
1222 R 4
1223 W 4 
1224 R 4
1225 W 4 
1226 R 4
1227 R 4
1228 R 4
1229 R 4
1230 W 4 
1231 R 4
1232 W 4 
1233 R 4
1234 R 4
1235 R 4
1236 R 4
1237 W 4 
1238 R 4
1239 W 4 
1240 R 4
1241 R 4
1242 R 4
1243 R 4
1244 W 4 
1245 R 4
1246 W 4 
1247 R 4
1248 R 4
1249 R 4
1250 R 4
1251 W 4 
1252 R 4
1253 W 4 
1254 R 4
1255 R 4
1256 R 4
1257 R 4
1258 W 4 
1259 R 4
1260 W 4 
1261 R 4
1262 R 4
1263 R 4
1264 R 4
1265 W 4 
1266 R 4
1267 W 4 
1268 R 4
1269 R 4
1270 R 4
1271 R 4
1272 W 4 
1273 R 4
1274 W 4 
1275 R 4
