0 4 140733701672512
1 4 140733701672512
2 4 140733701672512
3 4 140733701672368
4 8 94093417181048
5 8 140733701672352
6 8 140733701672344
7 8 140733701672336
8 8 140733701672328
9 8 139779703340784
10 8 139779703343984
11 8 139779703340408
12 8 139779704108336
13 4 139779704108440
14 8 139779703344096
15 8 94093954472072
16 8 140733701672304
17 8 140733701672296
18 8 140733701672288
19 8 140733701672280
20 8 140733701672272
21 8 140733701672264
22 8 139779703352992
23 8 140733701672216
24 8 140733701672224
25 8 140733701672192
26 8 140733701672208
27 4 140733701672204
28 4 140733701672232
29 4 140733701672236
30 4 140733701672240
31 4 140733701672244
32 4 140733701672168
33 4 140733701672168
34 4 140733701672168
35 4 140733701672168
36 4 139779703344008
37 8 139779703340408
38 8 140733701672136
39 8 139779704108336
40 8 139779703341776
41 8 140733701672136
42 8 140733701672128
43 8 140733701672160
44 4 140733701672200
45 8 139779703344120
46 4 140733701672168
47 8 139779703346112
48 4 140733701672168
49 4 139779703346156
50 8 139779703344096
51 8 94093954472072
52 8 139779703346184
53 8 140733701672144
54 4 139779703344008
55 8 140733701672160
56 8 140733701672112
57 8 140733701672104
58 8 140733701672096
59 8 140733701672088
60 8 140733701672080
61 8 140733701672072
62 8 139779703340640
63 8 139780027172408
64 8 139779703341712
65 4 139779703341740
66 4 139779703341736
67 8 140733701671984
68 8 140733701671976
69 8 140733701671976
70 8 140733701671984
71 8 140733701671992
72 8 139779687374848
73 8 139779687374856
74 4 139779703341736
75 4 139779703341736
76 4 139779703341744
77 4 139779703341744
78 4 139779703341744
79 8 139779703341752
80 8 139779703341752
81 8 139779703341760
82 8 139779703341760
83 8 139779703341760
84 8 140733701672072
85 8 140733701672080
86 8 140733701672088
87 8 140733701672096
88 8 140733701672104
89 8 140733701672112
90 8 140733701672120
91 4 139779703352972
92 8 140733701672264
93 8 140733701672272
94 8 140733701672280
95 8 140733701672288
96 8 140733701672296
97 8 140733701672304
98 8 140733701672312
99 8 139779687374856
100 4 139779704108440
101 8 139779687374856
102 4 139779703352972
103 8 140733701672328
104 8 140733701672336
105 8 140733701672344
106 8 140733701672352
107 8 140733701672360
108 4 140733701672368
109 4 140733701672376
110 4 140733701672424
111 8 140733701672368
112 4 140733701672376
113 4 140733701672384
114 4 140733701672380
115 8 94093417181072
116 32 139779692986384
117 32 139779692988912
118 32 139779692988880
119 32 139779692988848
120 32 139779692988816
121 8 139779703362744
122 32 139779692986400
123 32 139779692986432
124 32 139779692986464
125 32 139779692986496
126 32 139779687385280
127 32 139779687385312
128 32 139779687385344
129 32 139779687385376
130 32 139779692986528
131 32 139779692986560
132 32 139779692986592
133 32 139779692986624
134 32 139779687385408
135 32 139779687385440
136 32 139779687385472
137 32 139779687385504
138 32 139779692986656
139 32 139779692986688
140 32 139779692986720
141 32 139779692986752
142 32 139779687385536
143 32 139779687385568
144 32 139779687385600
145 32 139779687385632
146 32 139779692986784
147 32 139779692986816
148 32 139779692986848
149 32 139779692986880
150 32 139779687385664
151 32 139779687385696
152 32 139779687385728
153 32 139779687385760
154 32 139779692986912
155 32 139779692986944
156 32 139779692986976
157 32 139779692987008
158 32 139779687385792
159 32 139779687385824
160 32 139779687385856
161 32 139779687385888
162 32 139779692987040
163 32 139779692987072
164 32 139779692987104
165 32 139779692987136
166 32 139779687385920
167 32 139779687385952
168 32 139779687385984
169 32 139779687386016
170 32 139779692987168
171 32 139779692987200
172 32 139779692987232
173 32 139779692987264
174 32 139779687386048
175 32 139779687386080
176 32 139779687386112
177 32 139779687386144
178 32 139779692987296
179 32 139779692987328
180 32 139779692987360
181 32 139779692987392
182 32 139779687386176
183 32 139779687386208
184 32 139779687386240
185 32 139779687386272
186 32 139779692987424
187 32 139779692987456
188 32 139779692987488
189 32 139779692987520
190 32 139779687386304
191 32 139779687386336
192 32 139779687386368
193 32 139779687386400
194 32 139779692987552
195 32 139779692987584
196 32 139779692987616
197 32 139779692987648
198 32 139779687386432
199 32 139779687386464
200 32 139779687386496
201 32 139779687386528
202 32 139779692987680
203 32 139779692987712
204 32 139779692987744
205 32 139779692987776
206 32 139779687386560
207 32 139779687386592
208 32 139779687386624
209 32 139779687386656
210 32 139779692987808
211 32 139779692987840
212 32 139779692987872
213 32 139779692987904
214 32 139779687386688
215 32 139779687386720
216 32 139779687386752
217 32 139779687386784
218 32 139779692987936
219 32 139779692987968
220 32 139779692988000
221 32 139779692988032
222 32 139779687386816
223 32 139779687386848
224 32 139779687386880
225 32 139779687386912
226 32 139779692988064
227 32 139779692988096
228 32 139779692988128
229 32 139779692988160
230 32 139779687386944
231 32 139779687386976
232 32 139779687387008
233 32 139779687387040
234 32 139779692988192
235 32 139779692988224
236 32 139779692988256
237 32 139779692988288
238 32 139779687387072
239 32 139779687387104
240 32 139779687387136
241 32 139779687387168
242 32 139779692988320
243 32 139779692988352
244 32 139779692988384
245 32 139779692988416
246 32 139779687387200
247 32 139779687387232
248 32 139779687387264
249 32 139779687387296
250 32 139779692988448
251 32 139779692988480
252 32 139779692988512
253 32 139779692988544
254 32 139779687387328
255 32 139779687387360
256 32 139779687387392
257 32 139779687387424
258 32 139779692988576
259 32 139779692988608
260 32 139779692988640
261 32 139779692988672
262 32 139779687387456
263 32 139779687387488
264 32 139779687387520
265 32 139779687387552
266 32 139779692988704
267 32 139779692988736
268 32 139779692988768
269 32 139779692988800
270 32 139779687387584
271 32 139779687387616
272 32 139779687387648
273 32 139779687387680
274 32 139779687387792
275 32 139779687387760
276 32 139779687387728
277 32 139779687387696
278 32 139779687385264
279 8 140733701672360
280 4 140733701672380
281 4 140733701672384
282 4 140733701672420
283 4 140733701672384
284 4 140733701672380
285 8 94093417181072
286 32 139779692988944
287 32 139779692991472
288 32 139779692991440
289 32 139779692991408
290 32 139779692991376
291 8 139779703362744
292 32 139779692988956
293 32 139779692988988
294 32 139779692989020
295 32 139779692989052
296 32 139779687387872
297 32 139779687387904
298 32 139779687387936
299 32 139779687387968
300 32 139779692989084
301 32 139779692989116
302 32 139779692989148
303 32 139779692989180
304 32 139779687388000
305 32 139779687388032
306 32 139779687388064
307 32 139779687388096
308 32 139779692989212
309 32 139779692989244
310 32 139779692989276
311 32 139779692989308
312 32 139779687388128
313 32 139779687388160
314 32 139779687388192
315 32 139779687388224
316 32 139779692989340
317 32 139779692989372
318 32 139779692989404
319 32 139779692989436
320 32 139779687388256
321 32 139779687388288
322 32 139779687388320
323 32 139779687388352
324 32 139779692989468
325 32 139779692989500
326 32 139779692989532
327 32 139779692989564
328 32 139779687388384
329 32 139779687388416
330 32 139779687388448
331 32 139779687388480
332 32 139779692989596
333 32 139779692989628
334 32 139779692989660
335 32 139779692989692
336 32 139779687388512
337 32 139779687388544
338 32 139779687388576
339 32 139779687388608
340 32 139779692989724
341 32 139779692989756
342 32 139779692989788
343 32 139779692989820
344 32 139779687388640
345 32 139779687388672
346 32 139779687388704
347 32 139779687388736
348 32 139779692989852
349 32 139779692989884
350 32 139779692989916
351 32 139779692989948
352 32 139779687388768
353 32 139779687388800
354 32 139779687388832
355 32 139779687388864
356 32 139779692989980
357 32 139779692990012
358 32 139779692990044
359 32 139779692990076
360 32 139779687388896
361 32 139779687388928
362 32 139779687388960
363 32 139779687388992
364 32 139779692990108
365 32 139779692990140
366 32 139779692990172
367 32 139779692990204
368 32 139779687389024
369 32 139779687389056
370 32 139779687389088
371 32 139779687389120
372 32 139779692990236
373 32 139779692990268
374 32 139779692990300
375 32 139779692990332
376 32 139779687389152
377 32 139779687389184
378 32 139779687389216
379 32 139779687389248
380 32 139779692990364
381 32 139779692990396
382 32 139779692990428
383 32 139779692990460
384 32 139779687389280
385 32 139779687389312
386 32 139779687389344
387 32 139779687389376
388 32 139779692990492
389 32 139779692990524
390 32 139779692990556
391 32 139779692990588
392 32 139779687389408
393 32 139779687389440
394 32 139779687389472
395 32 139779687389504
396 32 139779692990620
397 32 139779692990652
398 32 139779692990684
399 32 139779692990716
400 32 139779687389536
401 32 139779687389568
402 32 139779687389600
403 32 139779687389632
404 32 139779692990748
405 32 139779692990780
406 32 139779692990812
407 32 139779692990844
408 32 139779687389664
409 32 139779687389696
410 32 139779687389728
411 32 139779687389760
412 32 139779692990876
413 32 139779692990908
414 32 139779692990940
415 32 139779692990972
416 32 139779687389792
417 32 139779687389824
418 32 139779687389856
419 32 139779687389888
420 32 139779692991004
421 32 139779692991036
422 32 139779692991068
423 32 139779692991100
424 32 139779687389920
425 32 139779687389952
426 32 139779687389984
427 32 139779687390016
428 32 139779692991132
429 32 139779692991164
430 32 139779692991196
431 32 139779692991228
432 32 139779687390048
433 32 139779687390080
434 32 139779687390112
435 32 139779687390144
436 32 139779692991260
437 32 139779692991292
438 32 139779692991324
439 32 139779692991356
440 32 139779687390176
441 32 139779687390208
442 32 139779687390240
443 32 139779687390272
444 32 139779687390388
445 32 139779687390356
446 32 139779687390324
447 32 139779687390292
448 32 139779687387860
449 8 140733701672360
450 4 140733701672380
451 4 140733701672384
452 4 140733701672420
453 4 140733701672384
454 4 140733701672380
455 8 94093417181072
456 32 139779692991504
457 32 139779692994032
458 32 139779692994000
459 32 139779692993968
460 32 139779692993936
461 8 139779703362744
462 32 139779692991512
463 32 139779692991544
464 32 139779692991576
465 32 139779692991608
466 32 139779687390464
467 32 139779687390496
468 32 139779687390528
469 32 139779687390560
470 32 139779692991640
471 32 139779692991672
472 32 139779692991704
473 32 139779692991736
474 32 139779687390592
475 32 139779687390624
476 32 139779687390656
477 32 139779687390688
478 32 139779692991768
479 32 139779692991800
480 32 139779692991832
481 32 139779692991864
482 32 139779687390720
483 32 139779687390752
484 32 139779687390784
485 32 139779687390816
486 32 139779692991896
487 32 139779692991928
488 32 139779692991960
489 32 139779692991992
490 32 139779687390848
491 32 139779687390880
492 32 139779687390912
493 32 139779687390944
494 32 139779692992024
495 32 139779692992056
496 32 139779692992088
497 32 139779692992120
498 32 139779687390976
499 32 139779687391008
